<?xml version="1.0" encoding="utf-8"?><testsuites><testsuite name="pytest" errors="0" failures="0" skipped="0" tests="7" time="0.915" timestamp="2026-09-02T03:48:48.711180" hostname="runnervmgx7h7"><testcase classname="tests.test_greeting" name="test_greeting_contains_name" time="0.001" /><testcase classname="tests.test_greeting" name="test_default_greeting" time="0.001" /><testcase classname="tests.test_greeting" name="test_empty_name_is_rejected" time="0.001" /><testcase classname="tests.test_greeting" name="test_greeting_ends_with_exclamation_mark" time="0.001" /><testcase classname="tests.test_main" name="test_greet_success" time="0.067" /><testcase classname="tests.test_main" name="test_greet_empty_name" time="0.004" /><testcase classname="tests.test_main" name="test_health_check" time="0.004" /></testsuite></testsuites>